Arguments: 
  C:\Program Files\nodejs\node.exe C:\Users\Fernando\AppData\Roaming\npm\node_modules\yarn\bin\yarn.js add -D git-commit-message-linter

PATH: 
  C:\Users\Fernando\bin;C:\Program Files\Git\mingw64\bin;C:\Program Files\Git\usr\local\bin;C:\Program Files\Git\usr\bin;C:\Program Files\Git\usr\bin;C:\Program Files\Git\mingw64\bin;C:\Program Files\Git\usr\bin;C:\Users\Fernando\bin;C:\Program Files\Java\zulu17.32.13-ca-jdk17.0.2-win_x64\bin;C:\Program Files\Common Files\Oracle\Java\javapath;C:\Program Files (x86)\Common Files\Oracle\Java\javapath;C:\Program Files (x86)\VMware\VMware Player\bin;C:\Windows\system32;C:\Windows;C:\Windows\System32\Wbem;C:\Windows\System32\WindowsPowerShell\v1.0;C:\Windows\System32\OpenSSH;C:\Program Files\Git\cmd;C:\Program Files (x86)\gdipp;C:\Program Files\nodejs;C:\Program Files\Docker\Docker\resources\bin;C:\ProgramData\DockerDesktop\version-bin;C:\Program Files\dotnet;%SystemRoot%\system32;%SystemRoot%;%SystemRoot%\System32\Wbem;%SYSTEMROOT%\System32\WindowsPowerShell\v1.0;%SYSTEMROOT%\System32\OpenSSH;C:\Users\Fernando\AppData\Local\Programs\Python\Python310\Scripts;C:\Users\Fernando\AppData\Local\Programs\Python\Python310;C:\Users\Fernando\AppData\Local\Programs\Python\Python39\Scripts;C:\Users\Fernando\AppData\Local\Programs\Python\Python39;C:\Users\Fernando\AppData\Local\Microsoft\WindowsApps;C:\Users\Fernando\AppData\Local\Programs\Microsoft VS Code\bin;C:\ffmpeg\bin;C:\apache-maven-3.8.4\bin;C:\Users\Fernando\AppData\Roaming\npm;C:\dev\bin\php;C:\dev\bin\php\php.exe;C:\Program Files\JetBrains\IntelliJ IDEA 2021.3.3\bin;C:\Users\Fernando\.dotnet\tools;C:\Users\Fernando\AppData\Local\Microsoft\WindowsApps;C:\Program Files\Git\usr\bin\vendor_perl;C:\Program Files\Git\usr\bin\core_perl

Yarn version: 
  1.22.17

Node version: 
  16.13.2

Platform: 
  win32 x64

Trace: 
  Error: https://registry.yarnpkg.com/git-commit-message-linter: Not found
      at Request.params.callback [as _callback] (C:\Users\Fernando\AppData\Roaming\npm\node_modules\yarn\lib\cli.js:67029:18)
      at Request.self.callback (C:\Users\Fernando\AppData\Roaming\npm\node_modules\yarn\lib\cli.js:140883:22)
      at Request.emit (node:events:390:28)
      at Request.<anonymous> (C:\Users\Fernando\AppData\Roaming\npm\node_modules\yarn\lib\cli.js:141855:10)
      at Request.emit (node:events:390:28)
      at IncomingMessage.<anonymous> (C:\Users\Fernando\AppData\Roaming\npm\node_modules\yarn\lib\cli.js:141777:12)
      at Object.onceWrapper (node:events:509:28)
      at IncomingMessage.emit (node:events:402:35)
      at endReadableNT (node:internal/streams/readable:1343:12)
      at processTicksAndRejections (node:internal/process/task_queues:83:21)

npm manifest: 
  {
    "name": "clean-node-api",
    "version": "1.0.0",
    "main": "index.js",
    "author": "Luiz Fernando <root.luizfernando.dev@gmail.com>",
    "license": "MIT"
  }

yarn manifest: 
  No manifest

Lockfile: 
  No lockfile
